<component name="libraryTable">
  <library name="junit-4.131">
    <CLASSES>
      <root url="jar://$PROJECT_DIR$/target/bg-jobs/sbt_73a09d54/target/719566bc/6227b018/junit-4.13.jar!/" />
    </CLASSES>
    <JAVADOC />
    <SOURCES />
  </library>
</component>